Replace Part C1 Capacitor in D:\Documents\Самоделки\thermometer (weather station) for hiking\Altium project\weather station PCB.SchDoc with Capacitor from UNTClibrary.IntLib
Replace Part C2 Capacitor in D:\Documents\Самоделки\thermometer (weather station) for hiking\Altium project\weather station PCB.SchDoc with Capacitor from UNTClibrary.IntLib
Replace Part C3 Capacitor in D:\Documents\Самоделки\thermometer (weather station) for hiking\Altium project\weather station PCB.SchDoc with Capacitor from UNTClibrary.IntLib
Replace Part C4 Capacitor in D:\Documents\Самоделки\thermometer (weather station) for hiking\Altium project\weather station PCB.SchDoc with Capacitor from UNTClibrary.IntLib
Replace Part C5 Capacitor in D:\Documents\Самоделки\thermometer (weather station) for hiking\Altium project\weather station PCB.SchDoc with Capacitor from UNTClibrary.IntLib
Replace Part C6 Capacitor in D:\Documents\Самоделки\thermometer (weather station) for hiking\Altium project\weather station PCB.SchDoc with Capacitor from UNTClibrary.IntLib
Replace Part C7 Capacitor in D:\Documents\Самоделки\thermometer (weather station) for hiking\Altium project\weather station PCB.SchDoc with Capacitor from UNTClibrary.IntLib
Replace Part C8 Capacitor in D:\Documents\Самоделки\thermometer (weather station) for hiking\Altium project\weather station PCB.SchDoc with Capacitor from UNTClibrary.IntLib
Replace Part C9 Capacitor in D:\Documents\Самоделки\thermometer (weather station) for hiking\Altium project\weather station PCB.SchDoc with Capacitor from UNTClibrary.IntLib
Replace Part C10 Capacitor in D:\Documents\Самоделки\thermometer (weather station) for hiking\Altium project\weather station PCB.SchDoc with Capacitor from UNTClibrary.IntLib
Replace Part C11 Capacitor in D:\Documents\Самоделки\thermometer (weather station) for hiking\Altium project\weather station PCB.SchDoc with Capacitor from UNTClibrary.IntLib
Replace Part C12 Capacitor in D:\Documents\Самоделки\thermometer (weather station) for hiking\Altium project\weather station PCB.SchDoc with Capacitor from UNTClibrary.IntLib
Replace Part C13 Capacitor in D:\Documents\Самоделки\thermometer (weather station) for hiking\Altium project\weather station PCB.SchDoc with Capacitor from UNTClibrary.IntLib
Replace Part DD1 STM32F100C4 in D:\Documents\Самоделки\thermometer (weather station) for hiking\Altium project\weather station PCB.SchDoc with STM32F100C4 from UNTClibrary.IntLib
Replace Part DD1 STM32F100C4 in D:\Documents\Самоделки\thermometer (weather station) for hiking\Altium project\weather station PCB.SchDoc with STM32F100C4 from UNTClibrary.IntLib
Replace Part DD2 NCP1402 in D:\Documents\Самоделки\thermometer (weather station) for hiking\Altium project\weather station PCB.SchDoc with NCP1402 from UNTClibrary.IntLib
Replace Part DD3 W25Q32FVSSIG in D:\Documents\Самоделки\thermometer (weather station) for hiking\Altium project\weather station PCB.SchDoc with W25Q32FVSSIG from UNTClibrary.IntLib
Replace Part DD4 DS3231 in D:\Documents\Самоделки\thermometer (weather station) for hiking\Altium project\weather station PCB.SchDoc with DS3231 from UNTClibrary.IntLib
Replace Part DD5 BMP180 in D:\Documents\Самоделки\thermometer (weather station) for hiking\Altium project\weather station PCB.SchDoc with BMP180 from UNTClibrary.IntLib
Replace Part DD6 AM2320 in D:\Documents\Самоделки\thermometer (weather station) for hiking\Altium project\weather station PCB.SchDoc with AM2320 from UNTClibrary.IntLib
Replace Part HL1 Display LCD 0.91 in D:\Documents\Самоделки\thermometer (weather station) for hiking\Altium project\weather station PCB.SchDoc with Display LCD 0.91 from UNTClibrary.IntLib
Replace Part L1 Inductor in D:\Documents\Самоделки\thermometer (weather station) for hiking\Altium project\weather station PCB.SchDoc with Inductor from UNTClibrary.IntLib
Replace Part PDGO_C Connector 1 in D:\Documents\Самоделки\thermometer (weather station) for hiking\Altium project\weather station PCB.SchDoc with Connector 1 from UNTClibrary.IntLib
Replace Part PROG+ Connector 1 in D:\Documents\Самоделки\thermometer (weather station) for hiking\Altium project\weather station PCB.SchDoc with Connector 1 from UNTClibrary.IntLib
Replace Part PROG- Connector 1 in D:\Documents\Самоделки\thermometer (weather station) for hiking\Altium project\weather station PCB.SchDoc with Connector 1 from UNTClibrary.IntLib
Replace Part PROG_D Connector 1 in D:\Documents\Самоделки\thermometer (weather station) for hiking\Altium project\weather station PCB.SchDoc with Connector 1 from UNTClibrary.IntLib
Replace Part R1 Resistor in D:\Documents\Самоделки\thermometer (weather station) for hiking\Altium project\weather station PCB.SchDoc with Resistor from UNTClibrary.IntLib
Replace Part R2 Resistor in D:\Documents\Самоделки\thermometer (weather station) for hiking\Altium project\weather station PCB.SchDoc with Resistor from UNTClibrary.IntLib
Replace Part R3 Resistor in D:\Documents\Самоделки\thermometer (weather station) for hiking\Altium project\weather station PCB.SchDoc with Resistor from UNTClibrary.IntLib
Replace Part R4 Resistor in D:\Documents\Самоделки\thermometer (weather station) for hiking\Altium project\weather station PCB.SchDoc with Resistor from UNTClibrary.IntLib
Replace Part R5 Resistor in D:\Documents\Самоделки\thermometer (weather station) for hiking\Altium project\weather station PCB.SchDoc with Resistor from UNTClibrary.IntLib
Replace Part SB1 Button in D:\Documents\Самоделки\thermometer (weather station) for hiking\Altium project\weather station PCB.SchDoc with Button from UNTClibrary.IntLib
Replace Part SB2 Button in D:\Documents\Самоделки\thermometer (weather station) for hiking\Altium project\weather station PCB.SchDoc with Button from UNTClibrary.IntLib
Replace Part SB3 Button in D:\Documents\Самоделки\thermometer (weather station) for hiking\Altium project\weather station PCB.SchDoc with Button from UNTClibrary.IntLib
Replace Part VD1 Diode in D:\Documents\Самоделки\thermometer (weather station) for hiking\Altium project\weather station PCB.SchDoc with Diode from UNTClibrary.IntLib
Replace Part VT1 P-chanell MOSFET in D:\Documents\Самоделки\thermometer (weather station) for hiking\Altium project\weather station PCB.SchDoc with P-chanell MOSFET from UNTClibrary.IntLib
Replace Part X1 Micro/MiniUSB in D:\Documents\Самоделки\thermometer (weather station) for hiking\Altium project\weather station PCB.SchDoc with Micro/MiniUSB from UNTClibrary.IntLib
Replace Part XS2 Connector 2 in D:\Documents\Самоделки\thermometer (weather station) for hiking\Altium project\weather station PCB.SchDoc with Connector 2 from UNTClibrary.IntLib
Replace Part Y1 Crystal Oscillator in D:\Documents\Самоделки\thermometer (weather station) for hiking\Altium project\weather station PCB.SchDoc with Crystal Oscillator from UNTClibrary.IntLib
